[INFO] Scanning for projects...
[INFO] 
[INFO] ---------------------< testgroupid:testartifactid >---------------------
[INFO] Building testartifactid 1.0-SNAPSHOT
[INFO] --------------------------------[ jar ]---------------------------------
[INFO] 
[INFO] --- build-helper-maven-plugin:3.2.0:add-source (default-cli) @ testartifactid ---
[INFO] ------------------------------------------------------------------------
[INFO] BUILD FAILURE
[INFO] ------------------------------------------------------------------------
[INFO] Total time:  0.337 s
[INFO] Finished at: 2021-04-19T22:19:55+02:00
[INFO] ------------------------------------------------------------------------
[ERROR] Failed to execute goal org.codehaus.mojo:build-helper-maven-plugin:3.2.0:add-source (default-cli) on project testartifactid: The parameters 'sources' for goal org.codehaus.mojo:build-helper-maven-plugin:3.2.0:add-source are missing or invalid -> [Help 1]
[ERROR] 
[ERROR] To see the full stack trace of the errors, re-run Maven with the -e switch.
[ERROR] Re-run Maven using the -X switch to enable full debug logging.
[ERROR] 
[ERROR] For more information about the errors and possible solutions, please read the following articles:
[ERROR] [Help 1] http://cwiki.apache.org/confluence/display/MAVEN/PluginParameterException
