[INFO] Scanning for projects...
[INFO] 
[INFO] ---------------------< testgroupid:testartifactid >---------------------
[INFO] Building testartifactid 1.0-SNAPSHOT
[INFO] --------------------------------[ jar ]---------------------------------
[INFO] 
[INFO] --- build-helper-maven-plugin:3.2.0:add-source (default-cli) @ testartifactid ---
[INFO] Source directory: /home/baldvin/maven_plugin_execution/02-with-execution-id-as-default-cli/testartifactid/target/something added.
[INFO] 
[INFO] --- maven-resources-plugin:3.0.2:resources (default-resources) @ testartifactid ---
[INFO] Using 'UTF-8' encoding to copy filtered resources.
[INFO] skip non existing resourceDirectory /home/baldvin/maven_plugin_execution/02-with-execution-id-as-default-cli/testartifactid/src/main/resources
[INFO] 
[INFO] --- maven-compiler-plugin:3.8.0:compile (default-compile) @ testartifactid ---
[INFO] Changes detected - recompiling the module!
[INFO] Compiling 2 source files to /home/baldvin/maven_plugin_execution/02-with-execution-id-as-default-cli/testartifactid/target/classes
[INFO] ------------------------------------------------------------------------
[INFO] BUILD SUCCESS
[INFO] ------------------------------------------------------------------------
[INFO] Total time:  0.747 s
[INFO] Finished at: 2021-04-19T22:20:00+02:00
[INFO] ------------------------------------------------------------------------
